SuperRealisticPets/android/build/intermediates/manifest_merge_blame_file/release/processReleaseMainManifest/manifest-merger-blame-release-report.txt
1<?xml version="1.0" encoding="utf-8"?>
2<manifest xmlns:android="http://schemas.android.com/apk/res/android"
3    package="io.github.super_auto_pets"
4    android:versionCode="1"
5    android:versionName="1.0" >
6
7    <uses-sdk
8        android:minSdkVersion="21"
9        android:targetSdkVersion="34" />
10
11    <uses-permission android:name="android.permission.INTERNET" />
11-->SuperRealisticPets\android\AndroidManifest.xml:4:5-67
11-->SuperRealisticPets\android\AndroidManifest.xml:4:22-64
12
13    <uses-feature
13-->SuperRealisticPets\android\AndroidManifest.xml:6:5-77
14        android:glEsVersion="0x00020000"
14-->SuperRealisticPets\android\AndroidManifest.xml:6:19-51
15        android:required="true" />
15-->SuperRealisticPets\android\AndroidManifest.xml:6:52-75
16
17    <!-- Although the *SdkVersion is captured in gradle build files, this is required for non gradle builds -->
18    <!-- <uses-sdk android:minSdkVersion="21"/> -->
19    <uses-permission android:name="android.permission.ACCESS_NETWORK_STATE" />
19-->[com.google.firebase:firebase-database:21.0.0] AndroidManifest.xml:22:5-79
19-->[com.google.firebase:firebase-database:21.0.0] AndroidManifest.xml:22:22-76
20
21    <permission
21-->[androidx.core:core:1.13.1] AndroidManifest.xml:22:5-24:47
22        android:name="io.github.super_auto_pets.DYNAMIC_RECEIVER_NOT_EXPORTED_PERMISSION"
22-->[androidx.core:core:1.13.1] AndroidManifest.xml:23:9-81
23        android:protectionLevel="signature" />
23-->[androidx.core:core:1.13.1] AndroidManifest.xml:24:9-44
24
25    <uses-permission android:name="io.github.super_auto_pets.DYNAMIC_RECEIVER_NOT_EXPORTED_PERMISSION" />
25-->[androidx.core:core:1.13.1] AndroidManifest.xml:26:5-97
25-->[androidx.core:core:1.13.1] AndroidManifest.xml:26:22-94
26
27    <application
27-->SuperRealisticPets\android\AndroidManifest.xml:7:3-27:17
28        android:allowBackup="true"
28-->SuperRealisticPets\android\AndroidManifest.xml:8:7-33
29        android:appCategory="game"
29-->SuperRealisticPets\android\AndroidManifest.xml:12:7-33
30        android:appComponentFactory="androidx.core.app.CoreComponentFactory"
30-->[androidx.core:core:1.13.1] AndroidManifest.xml:28:18-86
31        android:extractNativeLibs="true"
32        android:fullBackupContent="true"
32-->SuperRealisticPets\android\AndroidManifest.xml:9:7-39
33        android:icon="@drawable/ic_launcher"
33-->SuperRealisticPets\android\AndroidManifest.xml:10:7-43
34        android:isGame="true"
34-->SuperRealisticPets\android\AndroidManifest.xml:11:7-28
35        android:label="@string/app_name"
35-->SuperRealisticPets\android\AndroidManifest.xml:13:7-39
36        android:theme="@style/GdxTheme" >
36-->SuperRealisticPets\android\AndroidManifest.xml:15:7-38
37        <activity
37-->SuperRealisticPets\android\AndroidManifest.xml:16:5-26:16
38            android:name="io.github.super_auto_pets.android.AndroidLauncher"
38-->SuperRealisticPets\android\AndroidManifest.xml:17:9-73
39            android:configChanges="keyboard|keyboardHidden|navigation|orientation|screenSize|screenLayout"
39-->SuperRealisticPets\android\AndroidManifest.xml:20:9-103
40            android:exported="true"
40-->SuperRealisticPets\android\AndroidManifest.xml:21:9-32
41            android:label="@string/app_name"
41-->SuperRealisticPets\android\AndroidManifest.xml:18:9-41
42            android:screenOrientation="landscape" >
42-->SuperRealisticPets\android\AndroidManifest.xml:19:9-46
43            <intent-filter>
43-->SuperRealisticPets\android\AndroidManifest.xml:22:9-25:23
44                <action android:name="android.intent.action.MAIN" />
44-->SuperRealisticPets\android\AndroidManifest.xml:23:9-60
44-->SuperRealisticPets\android\AndroidManifest.xml:23:17-58
45
46                <category android:name="android.intent.category.LAUNCHER" />
46-->SuperRealisticPets\android\AndroidManifest.xml:24:9-68
46-->SuperRealisticPets\android\AndroidManifest.xml:24:19-66
47            </intent-filter>
48        </activity>
49
50        <service
50-->[com.google.firebase:firebase-database:21.0.0] AndroidManifest.xml:26:9-35:19
51            android:name="com.google.firebase.components.ComponentDiscoveryService"
51-->[com.google.firebase:firebase-database:21.0.0] AndroidManifest.xml:27:13-84
52            android:directBootAware="true"
52-->[com.google.firebase:firebase-common:21.0.0] AndroidManifest.xml:32:13-43
53            android:exported="false" >
53-->[com.google.firebase:firebase-database:21.0.0] AndroidManifest.xml:28:13-37
54            <meta-data
54-->[com.google.firebase:firebase-database:21.0.0] AndroidManifest.xml:29:13-31:85
55                android:name="com.google.firebase.components:com.google.firebase.database.FirebaseDatabaseKtxRegistrar"
55-->[com.google.firebase:firebase-database:21.0.0] AndroidManifest.xml:30:17-120
56                android:value="com.google.firebase.components.ComponentRegistrar" />
56-->[com.google.firebase:firebase-database:21.0.0] AndroidManifest.xml:31:17-82
57            <meta-data
57-->[com.google.firebase:firebase-database:21.0.0] AndroidManifest.xml:32:13-34:85
58                android:name="com.google.firebase.components:com.google.firebase.database.DatabaseRegistrar"
58-->[com.google.firebase:firebase-database:21.0.0] AndroidManifest.xml:33:17-109
59                android:value="com.google.firebase.components.ComponentRegistrar" />
59-->[com.google.firebase:firebase-database:21.0.0] AndroidManifest.xml:34:17-82
60            <meta-data
60-->[com.google.firebase:firebase-firestore-ktx:25.1.3] AndroidManifest.xml:12:13-14:85
61                android:name="com.google.firebase.components:com.google.firebase.firestore.ktx.FirebaseFirestoreLegacyRegistrar"
61-->[com.google.firebase:firebase-firestore-ktx:25.1.3] AndroidManifest.xml:13:17-129
62                android:value="com.google.firebase.components.ComponentRegistrar" />
62-->[com.google.firebase:firebase-firestore-ktx:25.1.3] AndroidManifest.xml:14:17-82
63            <meta-data
63-->[com.google.firebase:firebase-firestore:25.1.3] AndroidManifest.xml:17:13-19:85
64                android:name="com.google.firebase.components:com.google.firebase.firestore.FirebaseFirestoreKtxRegistrar"
64-->[com.google.firebase:firebase-firestore:25.1.3] AndroidManifest.xml:18:17-122
65                android:value="com.google.firebase.components.ComponentRegistrar" />
65-->[com.google.firebase:firebase-firestore:25.1.3] AndroidManifest.xml:19:17-82
66            <meta-data
66-->[com.google.firebase:firebase-firestore:25.1.3] AndroidManifest.xml:20:13-22:85
67                android:name="com.google.firebase.components:com.google.firebase.firestore.FirestoreRegistrar"
67-->[com.google.firebase:firebase-firestore:25.1.3] AndroidManifest.xml:21:17-111
68                android:value="com.google.firebase.components.ComponentRegistrar" />
68-->[com.google.firebase:firebase-firestore:25.1.3] AndroidManifest.xml:22:17-82
69            <meta-data
69-->[com.google.firebase:firebase-common-ktx:21.0.0] AndroidManifest.xml:12:13-14:85
70                android:name="com.google.firebase.components:com.google.firebase.ktx.FirebaseCommonLegacyRegistrar"
70-->[com.google.firebase:firebase-common-ktx:21.0.0] AndroidManifest.xml:13:17-116
71                android:value="com.google.firebase.components.ComponentRegistrar" />
71-->[com.google.firebase:firebase-common-ktx:21.0.0] AndroidManifest.xml:14:17-82
72            <meta-data
72-->[com.google.firebase:firebase-common:21.0.0] AndroidManifest.xml:35:13-37:85
73                android:name="com.google.firebase.components:com.google.firebase.FirebaseCommonKtxRegistrar"
73-->[com.google.firebase:firebase-common:21.0.0] AndroidManifest.xml:36:17-109
74                android:value="com.google.firebase.components.ComponentRegistrar" />
74-->[com.google.firebase:firebase-common:21.0.0] AndroidManifest.xml:37:17-82
75        </service>
76
77        <activity
77-->[com.google.android.gms:play-services-base:18.1.0] AndroidManifest.xml:20:9-22:45
78            android:name="com.google.android.gms.common.api.GoogleApiActivity"
78-->[com.google.android.gms:play-services-base:18.1.0] AndroidManifest.xml:20:19-85
79            android:exported="false"
79-->[com.google.android.gms:play-services-base:18.1.0] AndroidManifest.xml:22:19-43
80            android:theme="@android:style/Theme.Translucent.NoTitleBar" />
80-->[com.google.android.gms:play-services-base:18.1.0] AndroidManifest.xml:21:19-78
81
82        <provider
82-->[com.google.firebase:firebase-common:21.0.0] AndroidManifest.xml:23:9-28:39
83            android:name="com.google.firebase.provider.FirebaseInitProvider"
83-->[com.google.firebase:firebase-common:21.0.0] AndroidManifest.xml:24:13-77
84            android:authorities="io.github.super_auto_pets.firebaseinitprovider"
84-->[com.google.firebase:firebase-common:21.0.0] AndroidManifest.xml:25:13-72
85            android:directBootAware="true"
85-->[com.google.firebase:firebase-common:21.0.0] AndroidManifest.xml:26:13-43
86            android:exported="false"
86-->[com.google.firebase:firebase-common:21.0.0] AndroidManifest.xml:27:13-37
87            android:initOrder="100" />
87-->[com.google.firebase:firebase-common:21.0.0] AndroidManifest.xml:28:13-36
88
89        <meta-data
89-->[com.google.android.gms:play-services-basement:18.3.0] AndroidManifest.xml:21:9-23:69
90            android:name="com.google.android.gms.version"
90-->[com.google.android.gms:play-services-basement:18.3.0] AndroidManifest.xml:22:13-58
91            android:value="@integer/google_play_services_version" />
91-->[com.google.android.gms:play-services-basement:18.3.0] AndroidManifest.xml:23:13-66
92
93        <provider
93-->[androidx.profileinstaller:profileinstaller:1.3.0] AndroidManifest.xml:24:9-32:20
94            android:name="androidx.startup.InitializationProvider"
94-->[androidx.profileinstaller:profileinstaller:1.3.0] AndroidManifest.xml:25:13-67
95            android:authorities="io.github.super_auto_pets.androidx-startup"
95-->[androidx.profileinstaller:profileinstaller:1.3.0] AndroidManifest.xml:26:13-68
96            android:exported="false" >
96-->[androidx.profileinstaller:profileinstaller:1.3.0] AndroidManifest.xml:27:13-37
97            <meta-data
97-->[androidx.profileinstaller:profileinstaller:1.3.0] AndroidManifest.xml:29:13-31:52
98                android:name="androidx.profileinstaller.ProfileInstallerInitializer"
98-->[androidx.profileinstaller:profileinstaller:1.3.0] AndroidManifest.xml:30:17-85
99                android:value="androidx.startup" />
99-->[androidx.profileinstaller:profileinstaller:1.3.0] AndroidManifest.xml:31:17-49
100        </provider>
101
102        <receiver
102-->[androidx.profileinstaller:profileinstaller:1.3.0] AndroidManifest.xml:34:9-52:20
103            android:name="androidx.profileinstaller.ProfileInstallReceiver"
103-->[androidx.profileinstaller:profileinstaller:1.3.0] AndroidManifest.xml:35:13-76
104            android:directBootAware="false"
104-->[androidx.profileinstaller:profileinstaller:1.3.0] AndroidManifest.xml:36:13-44
105            android:enabled="true"
105-->[androidx.profileinstaller:profileinstaller:1.3.0] AndroidManifest.xml:37:13-35
106            android:exported="true"
106-->[androidx.profileinstaller:profileinstaller:1.3.0] AndroidManifest.xml:38:13-36
107            android:permission="android.permission.DUMP" >
107-->[androidx.profileinstaller:profileinstaller:1.3.0] AndroidManifest.xml:39:13-57
108            <intent-filter>
108-->[androidx.profileinstaller:profileinstaller:1.3.0] AndroidManifest.xml:40:13-42:29
109                <action android:name="androidx.profileinstaller.action.INSTALL_PROFILE" />
109-->[androidx.profileinstaller:profileinstaller:1.3.0] AndroidManifest.xml:41:17-91
109-->[androidx.profileinstaller:profileinstaller:1.3.0] AndroidManifest.xml:41:25-88
110            </intent-filter>
111            <intent-filter>
111-->[androidx.profileinstaller:profileinstaller:1.3.0] AndroidManifest.xml:43:13-45:29
112                <action android:name="androidx.profileinstaller.action.SKIP_FILE" />
112-->[androidx.profileinstaller:profileinstaller:1.3.0] AndroidManifest.xml:44:17-85
112-->[androidx.profileinstaller:profileinstaller:1.3.0] AndroidManifest.xml:44:25-82
113            </intent-filter>
114            <intent-filter>
114-->[androidx.profileinstaller:profileinstaller:1.3.0] AndroidManifest.xml:46:13-48:29
115                <action android:name="androidx.profileinstaller.action.SAVE_PROFILE" />
115-->[androidx.profileinstaller:profileinstaller:1.3.0] AndroidManifest.xml:47:17-88
115-->[androidx.profileinstaller:profileinstaller:1.3.0] AndroidManifest.xml:47:25-85
116            </intent-filter>
117            <intent-filter>
117-->[androidx.profileinstaller:profileinstaller:1.3.0] AndroidManifest.xml:49:13-51:29
118                <action android:name="androidx.profileinstaller.action.BENCHMARK_OPERATION" />
118-->[androidx.profileinstaller:profileinstaller:1.3.0] AndroidManifest.xml:50:17-95
118-->[androidx.profileinstaller:profileinstaller:1.3.0] AndroidManifest.xml:50:25-92
119            </intent-filter>
120        </receiver>
121    </application>
122
123</manifest>